<?xml version="1.0" encoding="utf-8"?><testsuites><testsuite name="stackup" errors="0" failures="14" skipped="0" tests="171" time="1957.651" timestamp="2024-02-28T08:18:24.053076" hostname="fv-az566-308"><testcase classname="tests.single.bundle.test_bundle" name="test_bundle_replace_op[only_priority_fee_bump]" time="1.500" /><testcase classname="tests.single.bundle.test_bundle" name="test_bundle_replace_op[only_max_fee_bump]" time="2.084" /><testcase classname="tests.single.bundle.test_bundle" name="test_bundle_replace_op[with_same_fee]" time="1.987" /><testcase classname="tests.single.bundle.test_bundle" name="test_bundle_replace_op[with_less_fee]" time="1.988" /><testcase classname="tests.single.bundle.test_bundle" name="test_bundle_replace_op[fee_bump_below_threshold]" time="1.988" /><testcase classname="tests.single.bundle.test_bundle" name="test_bundle_replace_op[fee_bump_at_threshold]" time="2.103" /><testcase classname="tests.single.bundle.test_bundle" name="test_bundle_replace_op[fee_bump_above_threshold]" time="2.001" /><testcase classname="tests.single.bundle.test_bundle" name="test_mempool_reputation_rules_all_entities[SREP-020-banned-entity-not-allowed-banned-sender]" time="13.823" /><testcase classname="tests.single.bundle.test_bundle" name="test_mempool_reputation_rules_all_entities[SREP-020-banned-entity-not-allowed-banned-paymaster]" time="9.120" /><testcase classname="tests.single.bundle.test_bundle" name="test_mempool_reputation_rules_all_entities[SREP-020-banned-entity-not-allowed-banned-factory]" time="6.977" /><testcase classname="tests.single.bundle.test_bundle" name="test_mempool_reputation_rules_all_entities[SREP-030-throttled-entity-allowed-a-little-throttled-sender]" time="23.451" /><testcase classname="tests.single.bundle.test_bundle" name="test_mempool_reputation_rules_all_entities[SREP-030-throttled-entity-allowed-a-little-throttled-paymaster]" time="23.062" /><testcase classname="tests.single.bundle.test_bundle" name="test_mempool_reputation_rules_all_entities[SREP-030-throttled-entity-allowed-a-little-throttled-factory]" time="23.175" /><testcase classname="tests.single.bundle.test_bundle" name="test_mempool_reputation_rules_all_entities[UREP-010 UREP-020-unstaked-entity-allowed-function-unstaked-sender]" time="23.065" /><testcase classname="tests.single.bundle.test_bundle" name="test_mempool_reputation_rules_all_entities[UREP-010 UREP-020-unstaked-entity-allowed-function-unstaked-paymaster]" time="56.311" /><testcase classname="tests.single.bundle.test_bundle" name="test_mempool_reputation_rules_all_entities[UREP-010 UREP-020-unstaked-entity-allowed-function-unstaked-factory]" time="62.309" /><testcase classname="tests.single.bundle.test_bundle" name="test_max_allowed_ops_unstaked_sender" time="2.179"><failure message="TypeError: 'NoneType' object is not subscriptable">tests/single/bundle/test_bundle.py:260: in test_max_allowed_ops_unstaked_sender
    assert response.result["userOpHash"] == ophash
E   TypeError: 'NoneType' object is not subscriptable</failure><system-out>--------------------------------- Captured Log ---------------------------------

--------------------------------- Captured Out ---------------------------------

</system-out><system-err>--------------------------------- Captured Err ---------------------------------

</system-err></testcase><testcase classname="tests.single.bundle.test_bundle" name="test_max_allowed_ops_staked_sender" time="3.095"><failure message="TypeError: 'NoneType' object is not subscriptable">tests/single/bundle/test_bundle.py:285: in test_max_allowed_ops_staked_sender
    assert response.result["userOpHash"] == ophash
E   TypeError: 'NoneType' object is not subscriptable</failure><system-out>--------------------------------- Captured Log ---------------------------------

--------------------------------- Captured Out ---------------------------------

</system-out><system-err>--------------------------------- Captured Err ---------------------------------

</system-err></testcase><testcase classname="tests.single.bundle.test_bundle" name="test_ban_user_op_access_other_ops_sender_in_bundle" time="3.666"><failure message="AssertionError: assert [] == [UserOperatio...gnature='0x')]&#10;  Right contains one more item: UserOperation(sender='0xbc15199FD1913390cc92fD58b8C2f9752D057Ba4', nonce='0x0', initCode='0x', callData='0x', callGasL...tionGas='0x493e0', maxFeePerGas='0xee6b2800', maxPriorityFeePerGas='0xb2d05e00', paymasterAndData='0x', signature='0x')&#10;  Full diff:&#10;    [&#10;  +  ,&#10;  -  UserOperation(sender='0xbc15199FD1913390cc92fD58b8C2f9752D057Ba4',&#10;  -                nonce='0x0',&#10;  -                initCode='0x',&#10;  -                callData='0x',&#10;  -                callGasLimit='0x493e0',&#10;  -                verificationGasLimit='0xf4240',&#10;  -                preVerificationGas='0x493e0',&#10;  -                maxFeePerGas='0xee6b2800',&#10;  -                maxPriorityFeePerGas='0xb2d05e00',&#10;  -                paymasterAndData='0x',&#10;  -                signature='0x'),&#10;    ]">tests/single/bundle/test_bundle.py:319: in test_ban_user_op_access_other_ops_sender_in_bundle
    assert dump_mempool() == [user_op2]
E   AssertionError: assert [] == [UserOperatio...gnature='0x')]
E     Right contains one more item: UserOperation(sender='0xbc15199FD1913390cc92fD58b8C2f9752D057Ba4', nonce='0x0', initCode='0x', callData='0x', callGasL...tionGas='0x493e0', maxFeePerGas='0xee6b2800', maxPriorityFeePerGas='0xb2d05e00', paymasterAndData='0x', signature='0x')
E     Full diff:
E       [
E     +  ,
E     -  UserOperation(sender='0xbc15199FD1913390cc92fD58b8C2f9752D057Ba4',
E     -                nonce='0x0',
E     -                initCode='0x',
E     -                callData='0x',
E     -                callGasLimit='0x493e0',
E     -                verificationGasLimit='0xf4240',
E     -                preVerificationGas='0x493e0',
E     -                maxFeePerGas='0xee6b2800',
E     -                maxPriorityFeePerGas='0xb2d05e00',
E     -                paymasterAndData='0x',
E     -                signature='0x'),
E       ]</failure><system-out>--------------------------------- Captured Log ---------------------------------

--------------------------------- Captured Out ---------------------------------

</system-out><system-err>--------------------------------- Captured Err ---------------------------------

</system-err></testcase><testcase classname="tests.single.bundle.test_bundle" name="test_ban_user_sender_double_role_in_bundle" time="4.975"><failure message="Exception: expected error object, got:&#10;Ok(result='0xfc246e7a460ed1817ca7b6bf2d0eb86ee562c3b66ed8e70eb75eeddbbcd27eab', id=176)">tests/utils.py:116: in assert_rpc_error
    assert response.code == code
E   AttributeError: 'Ok' object has no attribute 'code'

The above exception was the direct cause of the following exception:
tests/single/bundle/test_bundle.py:359: in test_ban_user_sender_double_role_in_bundle
    assert_rpc_error(
tests/utils.py:119: in assert_rpc_error
    raise Exception(f"expected error object, got:\n{response}") from exc
E   Exception: expected error object, got:
E   Ok(result='0xfc246e7a460ed1817ca7b6bf2d0eb86ee562c3b66ed8e70eb75eeddbbcd27eab', id=176)</failure><system-out>--------------------------------- Captured Log ---------------------------------

--------------------------------- Captured Out ---------------------------------

</system-out><system-err>--------------------------------- Captured Err ---------------------------------

</system-err></testcase><testcase classname="tests.single.bundle.test_bundle" name="test_stake_check_in_bundler" time="1.780"><failure message="AttributeError: 'Error' object has no attribute 'result'">tests/single/bundle/test_bundle.py:382: in test_stake_check_in_bundler
    response = get_stake_status(paymaster_contract.address, entrypoint_contract.address)
tests/utils.py:186: in get_stake_status
    .result
E   AttributeError: 'Error' object has no attribute 'result'</failure><system-out>--------------------------------- Captured Log ---------------------------------

--------------------------------- Captured Out ---------------------------------

</system-out><system-err>--------------------------------- Captured Err ---------------------------------

</system-err></testcase><testcase classname="tests.single.bundle.test_codehash" name="test_codehash_changed" time="6.086"><failure message="assert 0 == 1&#10; +  where 0 = len(())">tests/single/bundle/test_codehash.py:80: in test_codehash_changed
    assert_useroperation_event(entrypoint_contract, userop, from_block=block_number)
tests/single/bundle/test_codehash.py:12: in assert_useroperation_event
    assert len(logs) == 1
E   assert 0 == 1
E    +  where 0 = len(())</failure><system-out>--------------------------------- Captured Log ---------------------------------

--------------------------------- Captured Out ---------------------------------

</system-out><system-err>--------------------------------- Captured Err ---------------------------------

</system-err></testcase><testcase classname="tests.single.bundle.test_storage_rules" name="test_rule[[STO-000]unstaked][paymaster][no_storage][ok]" time="3.127" /><testcase classname="tests.single.bundle.test_storage_rules" name="test_rule[[STO-031]unstaked][paymaster][storage][drop]" time="3.056" /><testcase classname="tests.single.bundle.test_storage_rules" name="test_rule[[STO-032]unstaked][paymaster][reference_storage][drop]" time="2.954" /><testcase classname="tests.single.bundle.test_storage_rules" name="test_rule[[STO-032]unstaked][paymaster][reference_storage_struct][drop]" time="3.049" /><testcase classname="tests.single.bundle.test_storage_rules" name="test_rule[[STO-010]unstaked][paymaster][account_storage][ok]" time="3.046" /><testcase classname="tests.single.bundle.test_storage_rules" name="test_rule[[STO-021]unstaked][paymaster][account_reference_storage][ok]" time="2.970" /><testcase classname="tests.single.bundle.test_storage_rules" name="test_rule[[STO-021]unstaked][paymaster][account_reference_storage_struct][ok]" time="3.046" /><testcase classname="tests.single.bundle.test_storage_rules" name="test_rule[[STO-022]unstaked][paymaster][account_reference_storage_init_code][drop0]" time="6.102" /><testcase classname="tests.single.bundle.test_storage_rules" name="test_rule[[EREP-050]unstaked][paymaster][context][drop]" time="2.865" /><testcase classname="tests.single.bundle.test_storage_rules" name="test_rule[[STO-032]unstaked][paymaster][external_storage_read][drop]" time="3.046" /><testcase classname="tests.single.bundle.test_storage_rules" name="test_rule[[OP-020]unstaked][paymaster][out_of_gas][drop]" time="3.120" /><testcase classname="tests.single.bundle.test_storage_rules" name="test_rule[[OP-020]unstaked][paymaster][sstore_out_of_gas][drop]" time="2.951" /><testcase classname="tests.single.bundle.test_storage_rules" name="test_rule[[STO-000]staked][paymaster][no_storage][ok]" time="3.958" /><testcase classname="tests.single.bundle.test_storage_rules" name="test_rule[[STO-031]staked][paymaster][storage][ok]" time="4.073" /><testcase classname="tests.single.bundle.test_storage_rules" name="test_rule[[STO-032]staked][paymaster][reference_storage][ok]" time="3.982" /><testcase classname="tests.single.bundle.test_storage_rules" name="test_rule[[STO-032]staked][paymaster][reference_storage_struct][ok]" time="4.076" /><testcase classname="tests.single.bundle.test_storage_rules" name="test_rule[[STO-033]staked][paymaster][reference_storage_struct][ok]" time="3.985" /><testcase classname="tests.single.bundle.test_storage_rules" name="test_rule[[STO-010]staked][paymaster][account_storage][ok]" time="4.079" /><testcase classname="tests.single.bundle.test_storage_rules" name="test_rule[[STO-021]staked][paymaster][account_reference_storage][ok]" time="3.981" /><testcase classname="tests.single.bundle.test_storage_rules" name="test_rule[[STO-021]staked][paymaster][account_reference_storage_struct][ok]" time="3.993" /><testcase classname="tests.single.bundle.test_storage_rules" name="test_rule[[STO-022]staked][paymaster][account_reference_storage_init_code][ok]" time="7.253" /><testcase classname="tests.single.bundle.test_storage_rules" name="test_rule[[EREP-050]staked][paymaster][context][ok]" time="4.726" /><testcase classname="tests.single.bundle.test_storage_rules" name="test_rule[[STO-033]staked][paymaster][external_storage_write][drop]" time="4.100" /><testcase classname="tests.single.bundle.test_storage_rules" name="test_rule[[STO-033]staked][paymaster][external_storage_read][ok]" time="4.104" /><testcase classname="tests.single.bundle.test_storage_rules" name="test_rule[[OP-020]staked][paymaster][out_of_gas][drop]" time="5.098" /><testcase classname="tests.single.bundle.test_storage_rules" name="test_rule[[OP-020]staked][paymaster][sstore_out_of_gas][drop]" time="4.910" /><testcase classname="tests.single.bundle.test_storage_rules" name="test_rule[[STO-000]unstaked][factory][no_storage][ok]" time="5.077" /><testcase classname="tests.single.bundle.test_storage_rules" name="test_rule[[STO-000]unstaked][factory][storage][drop]" time="5.082" /><testcase classname="tests.single.bundle.test_storage_rules" name="test_rule[[STO-000]unstaked][factory][reference_storage][drop]" time="4.991" /><testcase classname="tests.single.bundle.test_storage_rules" name="test_rule[[STO-032]unstaked][factory][reference_storage_struct][drop]" time="4.991" /><testcase classname="tests.single.bundle.test_storage_rules" name="test_rule[[STO-010]unstaked][factory][account_storage][ok]" time="5.089" /><testcase classname="tests.single.bundle.test_storage_rules" name="test_rule[[STO-021]unstaked][factory][account_reference_storage][drop]" time="6.013" /><testcase classname="tests.single.bundle.test_storage_rules" name="test_rule[[STO-021]unstaked][factory][account_reference_storage_struct][drop]" time="7.030" /><testcase classname="tests.single.bundle.test_storage_rules" name="test_rule[[STO-000]unstaked][factory][external_storage_read][drop]" time="8.053" /><testcase classname="tests.single.bundle.test_storage_rules" name="test_rule[[OP-042]unstaked][factory][EXTCODEx_CALLx_undeployed_sender][ok]" time="4.945" /><testcase classname="tests.single.bundle.test_storage_rules" name="test_rule[[OP-041]unstaked][factory][EXTCODESIZE_undeployed_contract][drop]" time="4.040" /><testcase classname="tests.single.bundle.test_storage_rules" name="test_rule[[OP-041]unstaked][factory][EXTCODEHASH_undeployed_contract][drop]" time="4.043" /><testcase classname="tests.single.bundle.test_storage_rules" name="test_rule[[OP-041]unstaked][factory][EXTCODECOPY_undeployed_contract][drop]" time="4.042" /><testcase classname="tests.single.bundle.test_storage_rules" name="test_rule[[OP-041]unstaked][factory][CALL_undeployed_contract][drop]" time="3.937" /><testcase classname="tests.single.bundle.test_storage_rules" name="test_rule[[OP-041]unstaked][factory][CALLCODE_undeployed_contract][drop]" time="4.033" /><testcase classname="tests.single.bundle.test_storage_rules" name="test_rule[[OP-041]unstaked][factory][DELEGATECALL_undeployed_contract][drop]" time="4.044" /><testcase classname="tests.single.bundle.test_storage_rules" name="test_rule[[OP-041]unstaked][factory][STATICCALL_undeployed_contract][drop]" time="4.062" /><testcase classname="tests.single.bundle.test_storage_rules" name="test_rule[[OP-020]unstaked][factory][out_of_gas][drop]" time="4.155" /><testcase classname="tests.single.bundle.test_storage_rules" name="test_rule[[OP-020]unstaked][factory][sstore_out_of_gas][drop]" time="3.883" /><testcase classname="tests.single.bundle.test_storage_rules" name="test_rule[[STO-000]staked][factory][no_storage][ok]" time="4.996" /><testcase classname="tests.single.bundle.test_storage_rules" name="test_rule[[STO-031]staked][factory][storage][ok]" time="5.003" /><testcase classname="tests.single.bundle.test_storage_rules" name="test_rule[[STO-032]staked][factory][reference_storage][ok]" time="5.116" /><testcase classname="tests.single.bundle.test_storage_rules" name="test_rule[[STO-032]staked][factory][reference_storage_struct][ok]" time="5.016" /><testcase classname="tests.single.bundle.test_storage_rules" name="test_rule[[STO-010]staked][factory][account_storage][ok]" time="5.009" /><testcase classname="tests.single.bundle.test_storage_rules" name="test_rule[[STO-021]staked][factory][account_reference_storage][ok]" time="5.015" /><testcase classname="tests.single.bundle.test_storage_rules" name="test_rule[[STO-021]staked][factory][account_reference_storage_struct][ok]" time="5.020" /><testcase classname="tests.single.bundle.test_storage_rules" name="test_rule[[STO-033]staked][factory][external_storage_write][drop]" time="5.017" /><testcase classname="tests.single.bundle.test_storage_rules" name="test_rule[[STO-033]staked][factory][external_storage_read][ok]" time="5.025" /><testcase classname="tests.single.bundle.test_storage_rules" name="test_rule[[OP-020]staked][factory][out_of_gas][drop]" time="5.088" /><testcase classname="tests.single.bundle.test_storage_rules" name="test_rule[[OP-020]staked][factory][sstore_out_of_gas][drop]" time="5.023" /><testcase classname="tests.single.bundle.test_storage_rules" name="test_rule[[STO-000]unstaked][account][no_storage][ok]" time="2.830" /><testcase classname="tests.single.bundle.test_storage_rules" name="test_rule[[STO-010]unstaked][account][account_storage][ok]" time="3.001" /><testcase classname="tests.single.bundle.test_storage_rules" name="test_rule[[STO-021]unstaked][account][account_reference_storage][ok]" time="3.009" /><testcase classname="tests.single.bundle.test_storage_rules" name="test_rule[[STO-022]unstaked][account][account_reference_storage_init_code][drop]" time="6.096" /><testcase classname="tests.single.bundle.test_storage_rules" name="test_rule[[STO-022]unstaked][account][account_reference_storage_init_code][ok]" time="7.051" /><testcase classname="tests.single.bundle.test_storage_rules" name="test_rule[[STO-022]unstaked][paymaster][account_reference_storage_init_code][drop1]" time="7.164" /><testcase classname="tests.single.bundle.test_storage_rules" name="test_rule[[STO-021]unstaked][account][account_reference_storage_struct][ok]" time="3.926" /><testcase classname="tests.single.bundle.test_storage_rules" name="test_rule[[STO-000]unstaked][account][external_storage_read][drop]" time="3.919" /><testcase classname="tests.single.bundle.test_storage_rules" name="test_rule[[OP-020]unstaked][account][out_of_gas][drop]" time="3.187" /><testcase classname="tests.single.bundle.test_storage_rules" name="test_rule[[OP-020]unstaked][account][sstore_out_of_gas][drop]" time="3.923" /><testcase classname="tests.single.bundle.test_storage_rules" name="test_rule[[STO-000]staked][account][no_storage][ok]" time="4.946" /><testcase classname="tests.single.bundle.test_storage_rules" name="test_rule[[STO-010]staked][account][account_storage][ok]" time="5.055" /><testcase classname="tests.single.bundle.test_storage_rules" name="test_rule[[STO-021]staked][account][account_reference_storage][ok]" time="5.068" /><testcase classname="tests.single.bundle.test_storage_rules" name="test_rule[[STO-021]staked][account][account_reference_storage_struct][ok]" time="4.966" /><testcase classname="tests.single.bundle.test_storage_rules" name="test_rule[[OP-020]staked][account][out_of_gas][drop]" time="5.138" /><testcase classname="tests.single.bundle.test_storage_rules" name="test_rule[[OP-020]staked][account][sstore_out_of_gas][drop]" time="4.972" /><testcase classname="tests.single.bundle.test_storage_rules" name="test_rule[[STO-033]staked][account][external_storage_write][drop]" time="5.988" /><testcase classname="tests.single.bundle.test_storage_rules" name="test_rule[[STO-033]staked][account][external_storage_read][ok]" time="8.096" /><testcase classname="tests.single.bundle.test_storage_rules" name="test_rule[[OP-011]unstaked][account][entryPoint_call_balanceOf][drop]" time="5.974" /><testcase classname="tests.single.bundle.test_storage_rules" name="test_rule[[OP-061]unstaked][account][eth_value_transfer_forbidden][drop]" time="3.009" /><testcase classname="tests.single.bundle.test_storage_rules" name="test_rule[[OP-053]unstaked][account][eth_value_transfer_entryPoint][ok]" time="3.032" /><testcase classname="tests.single.bundle.test_storage_rules" name="test_rule[[OP-052]unstaked][account][eth_value_transfer_entryPoint_depositTo][ok]" time="3.041" /><testcase classname="tests.single.bundle.test_storage_rules" name="test_rule[[OP-041]unstaked][account][EXTCODESIZE_undeployed_contract][drop]" time="2.966" /><testcase classname="tests.single.bundle.test_storage_rules" name="test_rule[[OP-041]unstaked][account][EXTCODEHASH_undeployed_contract][drop]" time="2.973" /><testcase classname="tests.single.bundle.test_storage_rules" name="test_rule[[OP-041]unstaked][account][EXTCODECOPY_undeployed_contract][drop]" time="3.081" /><testcase classname="tests.single.bundle.test_storage_rules" name="test_rule[[OP-054]unstaked][account][EXTCODESIZE_entrypoint][drop]" time="2.984" /><testcase classname="tests.single.bundle.test_storage_rules" name="test_rule[[OP-054]unstaked][account][EXTCODEHASH_entrypoint][drop]" time="2.987" /><testcase classname="tests.single.bundle.test_storage_rules" name="test_rule[[OP-054]unstaked][account][EXTCODECOPY_entrypoint][drop]" time="3.093" /><testcase classname="tests.single.bundle.test_storage_rules" name="test_rule[[OP-041]unstaked][account][CALL_undeployed_contract][drop]" time="2.961" /><testcase classname="tests.single.bundle.test_storage_rules" name="test_rule[[OP-041]unstaked][account][CALLCODE_undeployed_contract][drop]" time="2.986" /><testcase classname="tests.single.bundle.test_storage_rules" name="test_rule[[OP-041]unstaked][account][DELEGATECALL_undeployed_contract][drop]" time="3.071" /><testcase classname="tests.single.bundle.test_storage_rules" name="test_rule[[OP-041]unstaked][account][STATICCALL_undeployed_contract][drop]" time="2.965" /><testcase classname="tests.single.bundle.test_storage_rules" name="test_rule[[OP-062]unstaked][account][CALL_undeployed_contract_allowed_precompile][ok]" time="3.103" /><testcase classname="tests.single.opbanning.test_op_banning" name="test_account_banned_opcode[GAS]" time="1.895" /><testcase classname="tests.single.opbanning.test_op_banning" name="test_account_banned_opcode[NUMBER]" time="1.994" /><testcase classname="tests.single.opbanning.test_op_banning" name="test_account_banned_opcode[TIMESTAMP]" time="1.997" /><testcase classname="tests.single.opbanning.test_op_banning" name="test_account_banned_opcode[COINBASE]" time="2.102" /><testcase classname="tests.single.opbanning.test_op_banning" name="test_account_banned_opcode[DIFFICULTY]" time="1.973"><failure message="AssertionError: assert -32500 == &lt;RPCErrorCode.BANNED_OPCODE: -32502&gt;&#10; +  where -32500 = Error(code=-32500, message='validationResult: cannot assert type: data is not of type string, failedOp: cannot assert ...ring, failedOp: cannot assert type: data is not of type string, err: method handler crashed, data: %!s(&lt;nil&gt;)', id=370).code">tests/single/opbanning/test_op_banning.py:46: in test_account_banned_opcode
    assert_rpc_error(
tests/utils.py:116: in assert_rpc_error
    assert response.code == code
E   AssertionError: assert -32500 == &lt;RPCErrorCode.BANNED_OPCODE: -32502&gt;
E    +  where -32500 = Error(code=-32500, message='validationResult: cannot assert type: data is not of type string, failedOp: cannot assert ...ring, failedOp: cannot assert type: data is not of type string, err: method handler crashed, data: %!s(&lt;nil&gt;)', id=370).code</failure><system-out>--------------------------------- Captured Log ---------------------------------

--------------------------------- Captured Out ---------------------------------

</system-out><system-err>--------------------------------- Captured Err ---------------------------------

</system-err></testcase><testcase classname="tests.single.opbanning.test_op_banning" name="test_account_banned_opcode[BASEFEE]" time="2.003" /><testcase classname="tests.single.opbanning.test_op_banning" name="test_account_banned_opcode[GASLIMIT]" time="2.006" /><testcase classname="tests.single.opbanning.test_op_banning" name="test_account_banned_opcode[GASPRICE]" time="2.007" /><testcase classname="tests.single.opbanning.test_op_banning" name="test_account_banned_opcode[SELFBALANCE]" time="2.010" /><testcase classname="tests.single.opbanning.test_op_banning" name="test_account_banned_opcode[BALANCE]" time="2.010" /><testcase classname="tests.single.opbanning.test_op_banning" name="test_account_banned_opcode[ORIGIN]" time="2.011" /><testcase classname="tests.single.opbanning.test_op_banning" name="test_account_banned_opcode[BLOCKHASH]" time="2.016" /><testcase classname="tests.single.opbanning.test_op_banning" name="test_account_banned_opcode[CREATE]" time="2.022" /><testcase classname="tests.single.opbanning.test_op_banning" name="test_account_banned_opcode[CREATE2]" time="2.024" /><testcase classname="tests.single.opbanning.test_op_banning" name="test_account_banned_opcode[SELFDESTRUCT]" time="2.026" /><testcase classname="tests.single.opbanning.test_op_banning" name="test_account_allowed_opcode_sequence[GAS CALL]" time="2.057" /><testcase classname="tests.single.opbanning.test_op_banning" name="test_account_allowed_opcode_sequence[GAS DELEGATECALL]" time="1.954" /><testcase classname="tests.single.opbanning.test_op_banning" name="test_paymaster_banned_opcode[GAS]" time="3.066" /><testcase classname="tests.single.opbanning.test_op_banning" name="test_paymaster_banned_opcode[NUMBER]" time="2.967" /><testcase classname="tests.single.opbanning.test_op_banning" name="test_paymaster_banned_opcode[TIMESTAMP]" time="3.070" /><testcase classname="tests.single.opbanning.test_op_banning" name="test_paymaster_banned_opcode[COINBASE]" time="2.975" /><testcase classname="tests.single.opbanning.test_op_banning" name="test_paymaster_banned_opcode[DIFFICULTY]" time="2.940"><failure message="AssertionError: assert -32500 == &lt;RPCErrorCode.BANNED_OPCODE: -32502&gt;&#10; +  where -32500 = Error(code=-32500, message='validationResult: cannot assert type: data is not of type string, failedOp: cannot assert ...ring, failedOp: cannot assert type: data is not of type string, err: method handler crashed, data: %!s(&lt;nil&gt;)', id=387).code">tests/single/opbanning/test_op_banning.py:67: in test_paymaster_banned_opcode
    assert_rpc_error(
tests/utils.py:116: in assert_rpc_error
    assert response.code == code
E   AssertionError: assert -32500 == &lt;RPCErrorCode.BANNED_OPCODE: -32502&gt;
E    +  where -32500 = Error(code=-32500, message='validationResult: cannot assert type: data is not of type string, failedOp: cannot assert ...ring, failedOp: cannot assert type: data is not of type string, err: method handler crashed, data: %!s(&lt;nil&gt;)', id=387).code</failure><system-out>--------------------------------- Captured Log ---------------------------------

--------------------------------- Captured Out ---------------------------------

</system-out><system-err>--------------------------------- Captured Err ---------------------------------

</system-err></testcase><testcase classname="tests.single.opbanning.test_op_banning" name="test_paymaster_banned_opcode[BASEFEE]" time="3.079" /><testcase classname="tests.single.opbanning.test_op_banning" name="test_paymaster_banned_opcode[GASLIMIT]" time="3.075" /><testcase classname="tests.single.opbanning.test_op_banning" name="test_paymaster_banned_opcode[GASPRICE]" time="2.975" /><testcase classname="tests.single.opbanning.test_op_banning" name="test_paymaster_banned_opcode[SELFBALANCE]" time="2.980" /><testcase classname="tests.single.opbanning.test_op_banning" name="test_paymaster_banned_opcode[BALANCE]" time="3.083" /><testcase classname="tests.single.opbanning.test_op_banning" name="test_paymaster_banned_opcode[ORIGIN]" time="2.982" /><testcase classname="tests.single.opbanning.test_op_banning" name="test_paymaster_banned_opcode[BLOCKHASH]" time="3.090" /><testcase classname="tests.single.opbanning.test_op_banning" name="test_paymaster_banned_opcode[CREATE]" time="2.990" /><testcase classname="tests.single.opbanning.test_op_banning" name="test_paymaster_banned_opcode[CREATE2]" time="3.000" /><testcase classname="tests.single.opbanning.test_op_banning" name="test_paymaster_banned_opcode[SELFDESTRUCT]" time="2.994" /><testcase classname="tests.single.opbanning.test_op_banning" name="test_factory_banned_opcode[GAS]" time="4.099" /><testcase classname="tests.single.opbanning.test_op_banning" name="test_factory_banned_opcode[NUMBER]" time="5.023" /><testcase classname="tests.single.opbanning.test_op_banning" name="test_factory_banned_opcode[TIMESTAMP]" time="5.021" /><testcase classname="tests.single.opbanning.test_op_banning" name="test_factory_banned_opcode[COINBASE]" time="5.025" /><testcase classname="tests.single.opbanning.test_op_banning" name="test_factory_banned_opcode[DIFFICULTY]" time="2.791"><failure message="ValueError: {'code': -32603, 'message': 'method handler crashed'}">tests/single/opbanning/test_op_banning.py:80: in test_factory_banned_opcode
    ).build_transaction()["data"][2:]
.venv/lib/python3.10/site-packages/web3/contract.py:1099: in build_transaction
    return build_transaction_for_function(
.venv/lib/python3.10/site-packages/web3/contract.py:1672: in build_transaction_for_function
    prepared_transaction = fill_transaction_defaults(web3, prepared_transaction)
cytoolz/functoolz.pyx:249: in cytoolz.functoolz.curry.__call__
    ???
.venv/lib/python3.10/site-packages/web3/_utils/transactions.py:114: in fill_transaction_defaults
    default_val = default_getter(web3, transaction)
.venv/lib/python3.10/site-packages/web3/_utils/transactions.py:60: in &lt;lambda&gt;
    'gas': lambda web3, tx: web3.eth.estimate_gas(tx),
.venv/lib/python3.10/site-packages/web3/eth.py:868: in estimate_gas
    return self._estimate_gas(transaction, block_identifier)
.venv/lib/python3.10/site-packages/web3/module.py:57: in caller
    result = w3.manager.request_blocking(method_str,
.venv/lib/python3.10/site-packages/web3/manager.py:198: in request_blocking
    return self.formatted_response(response,
.venv/lib/python3.10/site-packages/web3/manager.py:171: in formatted_response
    raise ValueError(response["error"])
E   ValueError: {'code': -32603, 'message': 'method handler crashed'}</failure><system-out>--------------------------------- Captured Log ---------------------------------

--------------------------------- Captured Out ---------------------------------

</system-out><system-err>--------------------------------- Captured Err ---------------------------------

</system-err></testcase><testcase classname="tests.single.opbanning.test_op_banning" name="test_factory_banned_opcode[BASEFEE]" time="4.210" /><testcase classname="tests.single.opbanning.test_op_banning" name="test_factory_banned_opcode[GASLIMIT]" time="5.021" /><testcase classname="tests.single.opbanning.test_op_banning" name="test_factory_banned_opcode[GASPRICE]" time="5.030" /><testcase classname="tests.single.opbanning.test_op_banning" name="test_factory_banned_opcode[SELFBALANCE]" time="6.048" /><testcase classname="tests.single.opbanning.test_op_banning" name="test_factory_banned_opcode[BALANCE]" time="7.080" /><testcase classname="tests.single.opbanning.test_op_banning" name="test_factory_banned_opcode[ORIGIN]" time="6.962" /><testcase classname="tests.single.opbanning.test_op_banning" name="test_factory_banned_opcode[BLOCKHASH]" time="4.013" /><testcase classname="tests.single.opbanning.test_op_banning" name="test_factory_banned_opcode[CREATE]" time="4.033" /><testcase classname="tests.single.opbanning.test_op_banning" name="test_factory_banned_opcode[CREATE2]" time="4.028" /><testcase classname="tests.single.opbanning.test_op_banning" name="test_factory_banned_opcode[SELFDESTRUCT]" time="4.026" /><testcase classname="tests.single.reputation.test_reputation" name="test_staked_entity_reputation_threshold[with_factory]" time="1110.997"><failure message="AssertionError: Could not find reputation of 0x33c2c6060dccacbd96ab6d3d425f2f780820c2e5&#10;assert None is not None">tests/single/reputation/test_reputation.py:127: in test_staked_entity_reputation_threshold
    assert_reputation_status(
tests/single/reputation/test_reputation.py:48: in assert_reputation_status
    assert reputation is not None, "Could not find reputation of " + address.lower()
E   AssertionError: Could not find reputation of 0x33c2c6060dccacbd96ab6d3d425f2f780820c2e5
E   assert None is not None</failure><system-out>--------------------------------- Captured Log ---------------------------------

--------------------------------- Captured Out ---------------------------------

</system-out><system-err>--------------------------------- Captured Err ---------------------------------

</system-err></testcase><testcase classname="tests.single.reputation.test_reputation" name="test_staked_entity_reputation_threshold[without_factory]" time="24.259"><failure message="AssertionError: Could not find reputation of 0x9c40f5c79e4f9bfc95c140af576900dcbe30e38e&#10;assert None is not None">tests/single/reputation/test_reputation.py:134: in test_staked_entity_reputation_threshold
    assert_reputation_status(
tests/single/reputation/test_reputation.py:48: in assert_reputation_status
    assert reputation is not None, "Could not find reputation of " + address.lower()
E   AssertionError: Could not find reputation of 0x9c40f5c79e4f9bfc95c140af576900dcbe30e38e
E   assert None is not None</failure><system-out>--------------------------------- Captured Log ---------------------------------

--------------------------------- Captured Out ---------------------------------

</system-out><system-err>--------------------------------- Captured Err ---------------------------------

</system-err></testcase><testcase classname="tests.single.rpc.test_eth_chainId" name="test_eth_chainId[]" time="0.007" /><testcase classname="tests.single.rpc.test_eth_estimateUserOperationGas" name="test_eth_estimateUserOperationGas[]" time="1.237" /><testcase classname="tests.single.rpc.test_eth_estimateUserOperationGas" name="test_eth_estimateUserOperationGas_execution_revert" time="0.996" /><testcase classname="tests.single.rpc.test_eth_estimateUserOperationGas" name="test_eth_estimateUserOperationGas_simulation_revert" time="0.939" /><testcase classname="tests.single.rpc.test_eth_getUserOperationByHash" name="test_eth_getUserOperationByHash[]" time="1.215"><failure message="TypeError: 'NoneType' object is not subscriptable">tests/single/rpc/test_eth_getUserOperationByHash.py:14: in test_eth_getUserOperationByHash
    assert userop_hash(
E   TypeError: 'NoneType' object is not subscriptable</failure><system-out>--------------------------------- Captured Log ---------------------------------

--------------------------------- Captured Out ---------------------------------

</system-out><system-err>--------------------------------- Captured Err ---------------------------------

</system-err></testcase><testcase classname="tests.single.rpc.test_eth_getUserOperationByHash" name="test_eth_getUserOperationByHash_error" time="0.002" /><testcase classname="tests.single.rpc.test_eth_getUserOperationReceipt" name="test_eth_getUserOperationReceipt[]" time="1.995"><failure message="TypeError: 'NoneType' object is not subscriptable">tests/single/rpc/test_eth_getUserOperationReceipt.py:15: in test_eth_getUserOperationReceipt
    assert response.result["userOpHash"] == userop_hash(helper_contract, userop)
E   TypeError: 'NoneType' object is not subscriptable</failure><system-out>--------------------------------- Captured Log ---------------------------------

--------------------------------- Captured Out ---------------------------------

</system-out><system-err>--------------------------------- Captured Err ---------------------------------

</system-err></testcase><testcase classname="tests.single.rpc.test_eth_getUserOperationReceipt" name="test_eth_getUserOperationReceipt_error" time="0.002" /><testcase classname="tests.single.rpc.test_eth_sendUserOperation" name="test_eth_sendUserOperation[]" time="1.993"><failure message="assert 0 == 1111111">tests/single/rpc/test_eth_sendUserOperation.py:20: in test_eth_sendUserOperation
    assert state_after == 1111111
E   assert 0 == 1111111</failure><system-out>--------------------------------- Captured Log ---------------------------------

--------------------------------- Captured Out ---------------------------------

</system-out><system-err>--------------------------------- Captured Err ---------------------------------

</system-err></testcase><testcase classname="tests.single.rpc.test_eth_sendUserOperation" name="test_eth_sendUserOperation_revert" time="1.966" /><testcase classname="tests.single.rpc.test_eth_sendUserOperation" name="test_eth_sendUserOperation_invalid_signature" time="2.073" /><testcase classname="tests.single.rpc.test_eth_supportedEntryPoints" name="test_eth_supportedEntryPoints[]" time="0.012" /></testsuite></testsuites>